#
# There is insufficient memory for the Java Runtime Environment to continue.
# Native memory allocation (malloc) failed to allocate 32744 bytes for ChunkPool::allocate
# Possible reasons:
#   The system is out of physical RAM or swap space
#   The process is running with CompressedOops enabled, and the Java Heap may be blocking the growth of the native heap
# Possible solutions:
#   Reduce memory load on the system
#   Increase physical memory or swap space
#   Check if swap backing store is full
#   Decrease Java heap size (-Xmx/-Xms)
#   Decrease number of Java threads
#   Decrease Java thread stack sizes (-Xss)
#   Set larger code cache with -XX:ReservedCodeCacheSize=
#   JVM is running with Unscaled Compressed Oops mode in which the Java heap is
#     placed in the first 4GB address space. The Java Heap base address is the
#     maximum limit for the native heap growth. Please use -XX:HeapBaseMinAddress
#     to set the Java Heap base and to place the Java Heap above 4GB virtual address.
# This output file may be truncated or incomplete.
#
#  Out of Memory Error (arena.cpp:78), pid=7860, tid=7692
#
# JRE version: OpenJDK Runtime Environment Zulu17.30+15-CA (17.0.1+12) (build 17.0.1+12-LTS)
# Java VM: OpenJDK 64-Bit Server VM Zulu17.30+15-CA (17.0.1+12-LTS, mixed mode, tiered, compressed oops, compressed class ptrs, g1 gc, windows-amd64)
# No core dump will be written. Minidumps are not enabled by default on client versions of Windows
#

---------------  S U M M A R Y ------------

Command Line: -DREFRESH_BUNDLES=false -Dorg.eclipse.e4.ui.css.dynamic=true --add-modules=ALL-SYSTEM -DLiquibaseHubMode=off 

Host: 11th Gen Intel(R) Core(TM) i3-1115G4 @ 3.00GHz, 4 cores, 3G,  Windows 10 , 64 bit Build 22621 (10.0.22621.5124)
Time: Mon Apr 21 10:21:48 2025 Hora oficial do Brasil elapsed time: 5.551743 seconds (0d 0h 0m 5s)

---------------  T H R E A D  ---------------

Current thread (0x00000222e00b3c60):  JavaThread "C2 CompilerThread0" daemon [_thread_in_native, id=7692, stack(0x000000a4efd00000,0x000000a4efe00000)]


Current CompileTask:
C2:   5551 3043   !   4       org.eclipse.osgi.storage.BundleInfo$Generation::getRawHeaders (323 bytes)

Stack: [0x000000a4efd00000,0x000000a4efe00000]
Native frames: (J=compiled Java code, j=interpreted, Vv=VM code, C=native code)
V  [jvm.dll+0x674d3a]
V  [jvm.dll+0x82ef34]
V  [jvm.dll+0x8306de]
V  [jvm.dll+0x830d43]
V  [jvm.dll+0x245365]
V  [jvm.dll+0xabc30]
V  [jvm.dll+0xabf7c]
V  [jvm.dll+0x368332]
V  [jvm.dll+0x55e876]
V  [jvm.dll+0x32d5b0]
V  [jvm.dll+0x32ca2a]
V  [jvm.dll+0x218301]
V  [jvm.dll+0x217721]
V  [jvm.dll+0x1a386d]
V  [jvm.dll+0x227078]
V  [jvm.dll+0x2251dc]
V  [jvm.dll+0x7e497b]
V  [jvm.dll+0x7def3a]
V  [jvm.dll+0x673b65]
C  [ucrtbase.dll+0x29333]
C  [KERNEL32.DLL+0x1259d]
C  [ntdll.dll+0x5af38]


---------------  P R O C E S S  ---------------

Threads class SMR info:
_java_thread_list=0x00000222e2636350, length=19, elements={
0x00000222c5d0a890, 0x00000222e008c010, 0x00000222e008d5e0, 0x00000222e00c9550,
0x00000222e00625e0, 0x00000222e00ca6b0, 0x00000222e00a93b0, 0x00000222e00b3c60,
0x00000222e00b5d70, 0x00000222e00b6280, 0x00000222c5da7730, 0x00000222e0deef00,
0x00000222e1612120, 0x00000222e265c360, 0x00000222e22db430, 0x00000222e25f2500,
0x00000222e25efea0, 0x00000222e27442f0, 0x00000222e20f9a30
}

Java Threads: ( => current thread )
  0x00000222c5d0a890 JavaThread "main" [_thread_blocked, id=6352, stack(0x000000a4eea30000,0x000000a4eeb30000)]
  0x00000222e008c010 JavaThread "Reference Handler" daemon [_thread_blocked, id=10300, stack(0x000000a4ef700000,0x000000a4ef800000)]
  0x00000222e008d5e0 JavaThread "Finalizer" daemon [_thread_blocked, id=11700, stack(0x000000a4ef800000,0x000000a4ef900000)]
  0x00000222e00c9550 JavaThread "Signal Dispatcher" daemon [_thread_blocked, id=16792, stack(0x000000a4ef900000,0x000000a4efa00000)]
  0x00000222e00625e0 JavaThread "Attach Listener" daemon [_thread_blocked, id=15876, stack(0x000000a4efa00000,0x000000a4efb00000)]
  0x00000222e00ca6b0 JavaThread "Service Thread" daemon [_thread_blocked, id=9904, stack(0x000000a4efb00000,0x000000a4efc00000)]
  0x00000222e00a93b0 JavaThread "Monitor Deflation Thread" daemon [_thread_blocked, id=2476, stack(0x000000a4efc00000,0x000000a4efd00000)]
=>0x00000222e00b3c60 JavaThread "C2 CompilerThread0" daemon [_thread_in_native, id=7692, stack(0x000000a4efd00000,0x000000a4efe00000)]
  0x00000222e00b5d70 JavaThread "C1 CompilerThread0" daemon [_thread_in_native, id=6804, stack(0x000000a4efe00000,0x000000a4eff00000)]
  0x00000222e00b6280 JavaThread "Sweeper thread" daemon [_thread_blocked, id=9160, stack(0x000000a4eff00000,0x000000a4f0000000)]
  0x00000222c5da7730 JavaThread "Common-Cleaner" daemon [_thread_blocked, id=13556, stack(0x000000a4f0000000,0x000000a4f0100000)]
  0x00000222e0deef00 JavaThread "Notification Thread" daemon [_thread_blocked, id=18184, stack(0x000000a4f0100000,0x000000a4f0200000)]
  0x00000222e1612120 JavaThread "Active Thread: Equinox Container: 977dc3be-fd61-4ca1-83b3-90e694ca461c" [_thread_blocked, id=17688, stack(0x000000a4f0900000,0x000000a4f0a00000)]
  0x00000222e265c360 JavaThread "Refresh Thread: Equinox Container: 977dc3be-fd61-4ca1-83b3-90e694ca461c" daemon [_thread_blocked, id=14128, stack(0x000000a4f0a00000,0x000000a4f0b00000)]
  0x00000222e22db430 JavaThread "Framework Event Dispatcher: Equinox Container: 977dc3be-fd61-4ca1-83b3-90e694ca461c" daemon [_thread_blocked, id=16484, stack(0x000000a4f0b00000,0x000000a4f0c00000)]
  0x00000222e25f2500 JavaThread "Start Level: Equinox Container: 977dc3be-fd61-4ca1-83b3-90e694ca461c" daemon [_thread_in_Java, id=12060, stack(0x000000a4f0c00000,0x000000a4f0d00000)]
  0x00000222e25efea0 JavaThread "SCR Component Actor" daemon [_thread_blocked, id=13780, stack(0x000000a4f0d00000,0x000000a4f0e00000)]
  0x00000222e27442f0 JavaThread "Timer-0" [_thread_blocked, id=10516, stack(0x000000a4f0e00000,0x000000a4f0f00000)]
  0x00000222e20f9a30 JavaThread "Bundle File Closer" daemon [_thread_blocked, id=9268, stack(0x000000a4f0f00000,0x000000a4f1000000)]

Other Threads:
  0x00000222e0079ee0 VMThread "VM Thread" [stack: 0x000000a4ef600000,0x000000a4ef700000] [id=18136]
  0x00000222e0def3d0 WatcherThread [stack: 0x000000a4f0200000,0x000000a4f0300000] [id=17180]
  0x00000222c5d36730 GCTaskThread "GC Thread#0" [stack: 0x000000a4ef100000,0x000000a4ef200000] [id=8312]
  0x00000222e1190030 GCTaskThread "GC Thread#1" [stack: 0x000000a4f0300000,0x000000a4f0400000] [id=12104]
  0x00000222e127f060 GCTaskThread "GC Thread#2" [stack: 0x000000a4f0400000,0x000000a4f0500000] [id=9284]
  0x00000222e127f310 GCTaskThread "GC Thread#3" [stack: 0x000000a4f0500000,0x000000a4f0600000] [id=16752]
  0x00000222c5d41770 ConcurrentGCThread "G1 Main Marker" [stack: 0x000000a4ef200000,0x000000a4ef300000] [id=4128]
  0x00000222c5d42550 ConcurrentGCThread "G1 Conc#0" [stack: 0x000000a4ef300000,0x000000a4ef400000] [id=8280]
  0x00000222c5d843c0 ConcurrentGCThread "G1 Refine#0" [stack: 0x000000a4ef400000,0x000000a4ef500000] [id=5672]
  0x00000222e16abc60 ConcurrentGCThread "G1 Refine#1" [stack: 0x000000a4f0600000,0x000000a4f0700000] [id=8708]
  0x00000222e2259b60 ConcurrentGCThread "G1 Refine#2" [stack: 0x000000a4f0700000,0x000000a4f0800000] [id=16944]
  0x00000222e12e7b00 ConcurrentGCThread "G1 Refine#3" [stack: 0x000000a4f0800000,0x000000a4f0900000] [id=14924]
  0x00000222c5d84de0 ConcurrentGCThread "G1 Service" [stack: 0x000000a4ef500000,0x000000a4ef600000] [id=8344]

Threads with active compile tasks:
C2 CompilerThread0     5579 3043   !   4       org.eclipse.osgi.storage.BundleInfo$Generation::getRawHeaders (323 bytes)
C1 CompilerThread0     5580 3268       2       org.eclipse.core.runtime.spi.RegistryContributor::<init> (43 bytes)

VM state: not at safepoint (normal execution)

VM Mutex/Monitor currently owned by a thread:  ([mutex/lock_event])
[0x00000222c5d05a80] CompiledMethod_lock - owner thread: 0x0000000000000000

Heap address: 0x00000000c3600000, size: 970 MB, Compressed Oops mode: 32-bit

CDS archive(s) not mapped
Compressed class space mapped at: 0x0000000100000000-0x0000000140000000, reserved size: 1073741824
Narrow klass base: 0x0000000000000000, Narrow klass shift: 3, Narrow klass range: 0x140000000

GC Precious Log:
 CPUs: 4 total, 4 available
 Memory: 3879M
 Large Page Support: Disabled
 NUMA Support: Disabled
 Compressed Oops: Enabled (32-bit)
 Heap Region Size: 1M
 Heap Min Capacity: 8M
 Heap Initial Capacity: 62M
 Heap Max Capacity: 970M
 Pre-touch: Disabled
 Parallel Workers: 4
 Concurrent Workers: 1
 Concurrent Refinement Workers: 4
 Periodic GC: Disabled

Heap:
 garbage-first heap   total 73728K, used 48106K [0x00000000c3600000, 0x0000000100000000)
  region size 1024K, 24 young (24576K), 4 survivors (4096K)
 Metaspace       used 27710K, committed 28096K, reserved 1081344K
  class space    used 2663K, committed 2816K, reserved 1048576K

Heap Regions: E=young(eden), S=young(survivor), O=old, HS=humongous(starts), HC=humongous(continues), CS=collection set, F=free, OA=open archive, CA=closed archive, TAMS=top-at-mark-start (previous, next)
|   0|0x00000000c3600000, 0x00000000c3700000, 0x00000000c3700000|100%| O|  |TAMS 0x00000000c3700000, 0x00000000c3600000| Untracked 
|   1|0x00000000c3700000, 0x00000000c3800000, 0x00000000c3800000|100%| O|  |TAMS 0x00000000c3800000, 0x00000000c3700000| Untracked 
|   2|0x00000000c3800000, 0x00000000c3900000, 0x00000000c3900000|100%| O|  |TAMS 0x00000000c3900000, 0x00000000c3800000| Untracked 
|   3|0x00000000c3900000, 0x00000000c3a00000, 0x00000000c3a00000|100%| O|  |TAMS 0x00000000c3a00000, 0x00000000c3900000| Untracked 
|   4|0x00000000c3a00000, 0x00000000c3b00000, 0x00000000c3b00000|100%| O|  |TAMS 0x00000000c3b00000, 0x00000000c3a00000| Untracked 
|   5|0x00000000c3b00000, 0x00000000c3c00000, 0x00000000c3c00000|100%| O|  |TAMS 0x00000000c3c00000, 0x00000000c3b00000| Untracked 
|   6|0x00000000c3c00000, 0x00000000c3d00000, 0x00000000c3d00000|100%| O|  |TAMS 0x00000000c3d00000, 0x00000000c3c00000| Untracked 
|   7|0x00000000c3d00000, 0x00000000c3e00000, 0x00000000c3e00000|100%| O|  |TAMS 0x00000000c3e00000, 0x00000000c3d00000| Untracked 
|   8|0x00000000c3e00000, 0x00000000c3f00000, 0x00000000c3f00000|100%| O|  |TAMS 0x00000000c3f00000, 0x00000000c3e00000| Untracked 
|   9|0x00000000c3f00000, 0x00000000c4000000, 0x00000000c4000000|100%| O|  |TAMS 0x00000000c4000000, 0x00000000c3f00000| Untracked 
|  10|0x00000000c4000000, 0x00000000c4100000, 0x00000000c4100000|100%| O|  |TAMS 0x00000000c4100000, 0x00000000c4000000| Untracked 
|  11|0x00000000c4100000, 0x00000000c4200000, 0x00000000c4200000|100%| O|  |TAMS 0x00000000c4200000, 0x00000000c4100000| Untracked 
|  12|0x00000000c4200000, 0x00000000c4300000, 0x00000000c4300000|100%| O|  |TAMS 0x00000000c429d000, 0x00000000c4200000| Untracked 
|  13|0x00000000c4300000, 0x00000000c43e6e00, 0x00000000c4400000| 90%| O|  |TAMS 0x00000000c4300000, 0x00000000c4300000| Untracked 
|  14|0x00000000c4400000, 0x00000000c4500000, 0x00000000c4500000|100%| O|  |TAMS 0x00000000c4400000, 0x00000000c4400000| Untracked 
|  15|0x00000000c4500000, 0x00000000c4600000, 0x00000000c4600000|100%| O|  |TAMS 0x00000000c4500000, 0x00000000c4500000| Untracked 
|  16|0x00000000c4600000, 0x00000000c4700000, 0x00000000c4700000|100%| O|  |TAMS 0x00000000c4600000, 0x00000000c4600000| Untracked 
|  17|0x00000000c4700000, 0x00000000c4800000, 0x00000000c4800000|100%| O|  |TAMS 0x00000000c4700000, 0x00000000c4700000| Untracked 
|  18|0x00000000c4800000, 0x00000000c4900000, 0x00000000c4900000|100%| O|  |TAMS 0x00000000c4800000, 0x00000000c4800000| Untracked 
|  19|0x00000000c4900000, 0x00000000c4a00000, 0x00000000c4a00000|100%| O|  |TAMS 0x00000000c4900000, 0x00000000c4900000| Untracked 
|  20|0x00000000c4a00000, 0x00000000c4b00000, 0x00000000c4b00000|100%| O|  |TAMS 0x00000000c4a00000, 0x00000000c4a00000| Untracked 
|  21|0x00000000c4b00000, 0x00000000c4c00000, 0x00000000c4c00000|100%| O|  |TAMS 0x00000000c4b00000, 0x00000000c4b00000| Untracked 
|  22|0x00000000c4c00000, 0x00000000c4d00000, 0x00000000c4d00000|100%| O|  |TAMS 0x00000000c4c00000, 0x00000000c4c00000| Untracked 
|  23|0x00000000c4d00000, 0x00000000c4e00000, 0x00000000c4e00000|100%| O|  |TAMS 0x00000000c4d00000, 0x00000000c4d00000| Untracked 
|  24|0x00000000c4e00000, 0x00000000c4eb2600, 0x00000000c4f00000| 69%| O|  |TAMS 0x00000000c4e00000, 0x00000000c4e00000| Untracked 
|  25|0x00000000c4f00000, 0x00000000c5000000, 0x00000000c5000000|100%|HS|  |TAMS 0x00000000c4f00000, 0x00000000c4f00000| Complete 
|  26|0x00000000c5000000, 0x00000000c5000000, 0x00000000c5100000|  0%| F|  |TAMS 0x00000000c5000000, 0x00000000c5000000| Untracked 
|  27|0x00000000c5100000, 0x00000000c5100000, 0x00000000c5200000|  0%| F|  |TAMS 0x00000000c5100000, 0x00000000c5100000| Untracked 
|  28|0x00000000c5200000, 0x00000000c5200000, 0x00000000c5300000|  0%| F|  |TAMS 0x00000000c5200000, 0x00000000c5200000| Untracked 
|  29|0x00000000c5300000, 0x00000000c5300000, 0x00000000c5400000|  0%| F|  |TAMS 0x00000000c5300000, 0x00000000c5300000| Untracked 
|  30|0x00000000c5400000, 0x00000000c5400000, 0x00000000c5500000|  0%| F|  |TAMS 0x00000000c5400000, 0x00000000c5400000| Untracked 
|  31|0x00000000c5500000, 0x00000000c5500000, 0x00000000c5600000|  0%| F|  |TAMS 0x00000000c5500000, 0x00000000c5500000| Untracked 
|  32|0x00000000c5600000, 0x00000000c5600000, 0x00000000c5700000|  0%| F|  |TAMS 0x00000000c5600000, 0x00000000c5600000| Untracked 
|  33|0x00000000c5700000, 0x00000000c5700000, 0x00000000c5800000|  0%| F|  |TAMS 0x00000000c5700000, 0x00000000c5700000| Untracked 
|  34|0x00000000c5800000, 0x00000000c5800000, 0x00000000c5900000|  0%| F|  |TAMS 0x00000000c5800000, 0x00000000c5800000| Untracked 
|  35|0x00000000c5900000, 0x00000000c5900000, 0x00000000c5a00000|  0%| F|  |TAMS 0x00000000c5900000, 0x00000000c5900000| Untracked 
|  36|0x00000000c5a00000, 0x00000000c5a00000, 0x00000000c5b00000|  0%| F|  |TAMS 0x00000000c5a00000, 0x00000000c5a00000| Untracked 
|  37|0x00000000c5b00000, 0x00000000c5b00000, 0x00000000c5c00000|  0%| F|  |TAMS 0x00000000c5b00000, 0x00000000c5b00000| Untracked 
|  38|0x00000000c5c00000, 0x00000000c5c00000, 0x00000000c5d00000|  0%| F|  |TAMS 0x00000000c5c00000, 0x00000000c5c00000| Untracked 
|  39|0x00000000c5d00000, 0x00000000c5d00000, 0x00000000c5e00000|  0%| F|  |TAMS 0x00000000c5d00000, 0x00000000c5d00000| Untracked 
|  40|0x00000000c5e00000, 0x00000000c5e61420, 0x00000000c5f00000| 37%| S|CS|TAMS 0x00000000c5e00000, 0x00000000c5e00000| Complete 
|  41|0x00000000c5f00000, 0x00000000c6000000, 0x00000000c6000000|100%| S|CS|TAMS 0x00000000c5f00000, 0x00000000c5f00000| Complete 
|  42|0x00000000c6000000, 0x00000000c6100000, 0x00000000c6100000|100%| S|CS|TAMS 0x00000000c6000000, 0x00000000c6000000| Complete 
|  43|0x00000000c6100000, 0x00000000c6200000, 0x00000000c6200000|100%| S|CS|TAMS 0x00000000c6100000, 0x00000000c6100000| Complete 
|  44|0x00000000c6200000, 0x00000000c6200000, 0x00000000c6300000|  0%| F|  |TAMS 0x00000000c6200000, 0x00000000c6200000| Untracked 
|  45|0x00000000c6300000, 0x00000000c6300000, 0x00000000c6400000|  0%| F|  |TAMS 0x00000000c6300000, 0x00000000c6300000| Untracked 
|  46|0x00000000c6400000, 0x00000000c6400000, 0x00000000c6500000|  0%| F|  |TAMS 0x00000000c6400000, 0x00000000c6400000| Untracked 
|  47|0x00000000c6500000, 0x00000000c6500000, 0x00000000c6600000|  0%| F|  |TAMS 0x00000000c6500000, 0x00000000c6500000| Untracked 
|  48|0x00000000c6600000, 0x00000000c6600000, 0x00000000c6700000|  0%| F|  |TAMS 0x00000000c6600000, 0x00000000c6600000| Untracked 
|  49|0x00000000c6700000, 0x00000000c6700000, 0x00000000c6800000|  0%| F|  |TAMS 0x00000000c6700000, 0x00000000c6700000| Untracked 
|  50|0x00000000c6800000, 0x00000000c6800000, 0x00000000c6900000|  0%| F|  |TAMS 0x00000000c6800000, 0x00000000c6800000| Untracked 
|  51|0x00000000c6900000, 0x00000000c6900000, 0x00000000c6a00000|  0%| F|  |TAMS 0x00000000c6900000, 0x00000000c6900000| Untracked 
|  52|0x00000000c6a00000, 0x00000000c6ad61d0, 0x00000000c6b00000| 83%| E|  |TAMS 0x00000000c6a00000, 0x00000000c6a00000| Complete 
|  53|0x00000000c6b00000, 0x00000000c6c00000, 0x00000000c6c00000|100%| E|CS|TAMS 0x00000000c6b00000, 0x00000000c6b00000| Complete 
|  54|0x00000000c6c00000, 0x00000000c6d00000, 0x00000000c6d00000|100%| E|  |TAMS 0x00000000c6c00000, 0x00000000c6c00000| Complete 
|  55|0x00000000c6d00000, 0x00000000c6e00000, 0x00000000c6e00000|100%| E|CS|TAMS 0x00000000c6d00000, 0x00000000c6d00000| Complete 
|  56|0x00000000c6e00000, 0x00000000c6f00000, 0x00000000c6f00000|100%| E|CS|TAMS 0x00000000c6e00000, 0x00000000c6e00000| Complete 
|  57|0x00000000c6f00000, 0x00000000c7000000, 0x00000000c7000000|100%| E|CS|TAMS 0x00000000c6f00000, 0x00000000c6f00000| Complete 
|  58|0x00000000c7000000, 0x00000000c7100000, 0x00000000c7100000|100%| E|CS|TAMS 0x00000000c7000000, 0x00000000c7000000| Complete 
|  59|0x00000000c7100000, 0x00000000c7200000, 0x00000000c7200000|100%| E|CS|TAMS 0x00000000c7100000, 0x00000000c7100000| Complete 
|  60|0x00000000c7200000, 0x00000000c7300000, 0x00000000c7300000|100%| E|CS|TAMS 0x00000000c7200000, 0x00000000c7200000| Complete 
|  61|0x00000000c7300000, 0x00000000c7400000, 0x00000000c7400000|100%| E|CS|TAMS 0x00000000c7300000, 0x00000000c7300000| Complete 
|  62|0x00000000c7400000, 0x00000000c7500000, 0x00000000c7500000|100%| E|CS|TAMS 0x00000000c7400000, 0x00000000c7400000| Complete 
|  63|0x00000000c7500000, 0x00000000c7600000, 0x00000000c7600000|100%| E|CS|TAMS 0x00000000c7500000, 0x00000000c7500000| Complete 
|  64|0x00000000c7600000, 0x00000000c7700000, 0x00000000c7700000|100%| E|CS|TAMS 0x00000000c7600000, 0x00000000c7600000| Complete 
|  65|0x00000000c7700000, 0x00000000c7800000, 0x00000000c7800000|100%| E|CS|TAMS 0x00000000c7700000, 0x00000000c7700000| Complete 
|  66|0x00000000c7800000, 0x00000000c7900000, 0x00000000c7900000|100%| E|CS|TAMS 0x00000000c7800000, 0x00000000c7800000| Complete 
|  67|0x00000000c7900000, 0x00000000c7a00000, 0x00000000c7a00000|100%| E|CS|TAMS 0x00000000c7900000, 0x00000000c7900000| Complete 
|  68|0x00000000c7a00000, 0x00000000c7b00000, 0x00000000c7b00000|100%| E|CS|TAMS 0x00000000c7a00000, 0x00000000c7a00000| Complete 
|  69|0x00000000c7b00000, 0x00000000c7c00000, 0x00000000c7c00000|100%| E|CS|TAMS 0x00000000c7b00000, 0x00000000c7b00000| Complete 
|  70|0x00000000c7c00000, 0x00000000c7d00000, 0x00000000c7d00000|100%| E|CS|TAMS 0x00000000c7c00000, 0x00000000c7c00000| Complete 
|  71|0x00000000c7d00000, 0x00000000c7e00000, 0x00000000c7e00000|100%| E|CS|TAMS 0x00000000c7d00000, 0x00000000c7d00000| Complete 

Card table byte_map: [0x00000222db870000,0x00000222dba60000] _byte_map_base: 0x00000222db255000

Marking Bits (Prev, Next): (CMBitMap*) 0x00000222c5d37d90, (CMBitMap*) 0x00000222c5d37d50
 Prev Bits: [0x00000222dcb80000, 0x00000222ddaa8000)
 Next Bits: [0x00000222dbc50000, 0x00000222dcb78000)

Polling page: 0x00000222c5dd0000

Metaspace:

Usage:
  Non-class:     24.46 MB used.
      Class:      2.60 MB used.
       Both:     27.06 MB used.

Virtual space:
  Non-class space:       32.00 MB reserved,      24.69 MB ( 77%) committed,  4 nodes.
      Class space:        1.00 GB reserved,       2.75 MB ( <1%) committed,  1 nodes.
             Both:        1.03 GB reserved,      27.44 MB (  3%) committed. 

Chunk freelists:
   Non-Class:  3.22 MB
       Class:  1.08 MB
        Both:  4.30 MB

MaxMetaspaceSize: unlimited
CompressedClassSpaceSize: 1.00 GB
Initial GC threshold: 21.00 MB
Current GC threshold: 35.56 MB
CDS: off
MetaspaceReclaimPolicy: balanced
 - commit_granule_bytes: 65536.
 - commit_granule_words: 8192.
 - virtual_space_node_default_size: 1048576.
 - enlarge_chunks_in_place: 1.
 - new_chunks_are_fully_committed: 0.
 - uncommit_free_chunks: 1.
 - use_allocation_guard: 0.
 - handle_deallocations: 1.


Internal statistics:

num_allocs_failed_limit: 3.
num_arena_births: 144.
num_arena_deaths: 0.
num_vsnodes_births: 5.
num_vsnodes_deaths: 0.
num_space_committed: 439.
num_space_uncommitted: 0.
num_chunks_returned_to_freelist: 3.
num_chunks_taken_from_freelist: 797.
num_chunk_merges: 3.
num_chunk_splits: 553.
num_chunks_enlarged: 385.
num_purges: 0.
num_inconsistent_stats: 0.

CodeHeap 'non-profiled nmethods': size=120000Kb used=1630Kb max_used=1630Kb free=118370Kb
 bounds [0x00000222d3b30000, 0x00000222d3da0000, 0x00000222db060000]
CodeHeap 'profiled nmethods': size=120000Kb used=6960Kb max_used=6960Kb free=113040Kb
 bounds [0x00000222cc600000, 0x00000222cccd0000, 0x00000222d3b30000]
CodeHeap 'non-nmethods': size=5760Kb used=1209Kb max_used=1236Kb free=4550Kb
 bounds [0x00000222cc060000, 0x00000222cc2d0000, 0x00000222cc600000]
 total_blobs=3732 nmethods=3238 adapters=406
 compilation: enabled
              stopped_count=0, restarted_count=0
 full_count=0

Compilation events (20 events):
Event: 5.526 Thread 0x00000222e00b5d70 3253       2       com.sun.org.apache.xerces.internal.util.XMLAttributesImpl$Attribute::<init> (27 bytes)
Event: 5.526 Thread 0x00000222e00b5d70 nmethod 3253 0x00000222cccc0110 code [0x00000222cccc02c0, 0x00000222cccc0798]
Event: 5.526 Thread 0x00000222e00b5d70 3254       2       com.sun.org.apache.xerces.internal.impl.XMLDocumentFragmentScannerImpl::getString (76 bytes)
Event: 5.527 Thread 0x00000222e00b5d70 nmethod 3254 0x00000222cccc0890 code [0x00000222cccc0a60, 0x00000222cccc0e58]
Event: 5.527 Thread 0x00000222e00b5d70 3257       2       com.sun.org.apache.xerces.internal.util.SymbolTable::addSymbol0 (103 bytes)
Event: 5.527 Thread 0x00000222e00b5d70 nmethod 3257 0x00000222cccc1110 code [0x00000222cccc1320, 0x00000222cccc1898]
Event: 5.527 Thread 0x00000222e00b5d70 3255       2       com.sun.org.apache.xerces.internal.impl.XMLScanner::scanAttributeValue (1001 bytes)
Event: 5.529 Thread 0x00000222e00b5d70 nmethod 3255 0x00000222cccc1c10 code [0x00000222cccc2140, 0x00000222cccc43e8]
Event: 5.529 Thread 0x00000222e00b5d70 3258       1       org.eclipse.core.internal.registry.Contribution::getKey (5 bytes)
Event: 5.529 Thread 0x00000222e00b5d70 nmethod 3258 0x00000222d3cc7210 code [0x00000222d3cc73a0, 0x00000222d3cc7478]
Event: 5.530 Thread 0x00000222e00b5d70 3256       2       com.sun.org.apache.xerces.internal.util.XMLAttributesImpl::setValue (27 bytes)
Event: 5.530 Thread 0x00000222e00b5d70 nmethod 3256 0x00000222cccc5790 code [0x00000222cccc5940, 0x00000222cccc5b98]
Event: 5.547 Thread 0x00000222e00b5d70 3259       2       com.sun.org.apache.xerces.internal.impl.XMLDocumentScannerImpl::getFeatureDefault (40 bytes)
Event: 5.547 Thread 0x00000222e00b5d70 nmethod 3259 0x00000222cccc5c90 code [0x00000222cccc5e40, 0x00000222cccc6078]
Event: 5.547 Thread 0x00000222e00b5d70 3260       1       javax.xml.catalog.CatalogFeatures$Feature::getPropertyName (5 bytes)
Event: 5.547 Thread 0x00000222e00b5d70 nmethod 3260 0x00000222d3cc7510 code [0x00000222d3cc76a0, 0x00000222d3cc7778]
Event: 5.547 Thread 0x00000222e00b5d70 3261       2       com.sun.org.apache.xerces.internal.util.XMLStringBuffer::append (110 bytes)
Event: 5.548 Thread 0x00000222e00b5d70 nmethod 3261 0x00000222cccc6210 code [0x00000222cccc63c0, 0x00000222cccc6798]
Event: 5.548 Thread 0x00000222e00b5d70 3262       2       com.sun.org.apache.xerces.internal.util.XMLAttributesImpl::getValue (69 bytes)
Event: 5.548 Thread 0x00000222e00b5d70 nmethod 3262 0x00000222cccc6910 code [0x00000222cccc6ac0, 0x00000222cccc6d28]

GC Heap History (20 events):
Event: 0.533 GC heap before
{Heap before GC invocations=0 (full 0):
 garbage-first heap   total 63488K, used 12288K [0x00000000c3600000, 0x0000000100000000)
  region size 1024K, 13 young (13312K), 0 survivors (0K)
 Metaspace       used 10582K, committed 10752K, reserved 1064960K
  class space    used 936K, committed 1024K, reserved 1048576K
}
Event: 0.537 GC heap after
{Heap after GC invocations=1 (full 0):
 garbage-first heap   total 63488K, used 2464K [0x00000000c3600000, 0x0000000100000000)
  region size 1024K, 2 young (2048K), 2 survivors (2048K)
 Metaspace       used 10582K, committed 10752K, reserved 1064960K
  class space    used 936K, committed 1024K, reserved 1048576K
}
Event: 0.709 GC heap before
{Heap before GC invocations=1 (full 0):
 garbage-first heap   total 63488K, used 18848K [0x00000000c3600000, 0x0000000100000000)
  region size 1024K, 18 young (18432K), 2 survivors (2048K)
 Metaspace       used 10669K, committed 10816K, reserved 1064960K
  class space    used 936K, committed 1024K, reserved 1048576K
}
Event: 0.712 GC heap after
{Heap after GC invocations=2 (full 0):
 garbage-first heap   total 63488K, used 2746K [0x00000000c3600000, 0x0000000100000000)
  region size 1024K, 1 young (1024K), 1 survivors (1024K)
 Metaspace       used 10669K, committed 10816K, reserved 1064960K
  class space    used 936K, committed 1024K, reserved 1048576K
}
Event: 1.232 GC heap before
{Heap before GC invocations=2 (full 0):
 garbage-first heap   total 63488K, used 39610K [0x00000000c3600000, 0x0000000100000000)
  region size 1024K, 37 young (37888K), 1 survivors (1024K)
 Metaspace       used 13678K, committed 13824K, reserved 1064960K
  class space    used 1217K, committed 1280K, reserved 1048576K
}
Event: 1.252 GC heap after
{Heap after GC invocations=3 (full 0):
 garbage-first heap   total 63488K, used 12425K [0x00000000c3600000, 0x0000000100000000)
  region size 1024K, 5 young (5120K), 5 survivors (5120K)
 Metaspace       used 13678K, committed 13824K, reserved 1064960K
  class space    used 1217K, committed 1280K, reserved 1048576K
}
Event: 1.575 GC heap before
{Heap before GC invocations=3 (full 0):
 garbage-first heap   total 63488K, used 21641K [0x00000000c3600000, 0x0000000100000000)
  region size 1024K, 14 young (14336K), 5 survivors (5120K)
 Metaspace       used 15087K, committed 15296K, reserved 1064960K
  class space    used 1360K, committed 1472K, reserved 1048576K
}
Event: 1.582 GC heap after
{Heap after GC invocations=4 (full 0):
 garbage-first heap   total 63488K, used 14646K [0x00000000c3600000, 0x0000000100000000)
  region size 1024K, 2 young (2048K), 2 survivors (2048K)
 Metaspace       used 15087K, committed 15296K, reserved 1064960K
  class space    used 1360K, committed 1472K, reserved 1048576K
}
Event: 2.420 GC heap before
{Heap before GC invocations=4 (full 0):
 garbage-first heap   total 63488K, used 35126K [0x00000000c3600000, 0x0000000100000000)
  region size 1024K, 23 young (23552K), 2 survivors (2048K)
 Metaspace       used 18231K, committed 18496K, reserved 1073152K
  class space    used 1701K, committed 1792K, reserved 1048576K
}
Event: 2.426 GC heap after
{Heap after GC invocations=5 (full 0):
 garbage-first heap   total 63488K, used 15988K [0x00000000c3600000, 0x0000000100000000)
  region size 1024K, 3 young (3072K), 3 survivors (3072K)
 Metaspace       used 18231K, committed 18496K, reserved 1073152K
  class space    used 1701K, committed 1792K, reserved 1048576K
}
Event: 2.866 GC heap before
{Heap before GC invocations=5 (full 0):
 garbage-first heap   total 63488K, used 23156K [0x00000000c3600000, 0x0000000100000000)
  region size 1024K, 12 young (12288K), 3 survivors (3072K)
 Metaspace       used 21238K, committed 21504K, reserved 1073152K
  class space    used 1977K, committed 2112K, reserved 1048576K
}
Event: 2.870 GC heap after
{Heap after GC invocations=6 (full 0):
 garbage-first heap   total 63488K, used 16996K [0x00000000c3600000, 0x0000000100000000)
  region size 1024K, 3 young (3072K), 3 survivors (3072K)
 Metaspace       used 21238K, committed 21504K, reserved 1073152K
  class space    used 1977K, committed 2112K, reserved 1048576K
}
Event: 3.492 GC heap before
{Heap before GC invocations=7 (full 0):
 garbage-first heap   total 61440K, used 39524K [0x00000000c3600000, 0x0000000100000000)
  region size 1024K, 26 young (26624K), 3 survivors (3072K)
 Metaspace       used 26221K, committed 26624K, reserved 1073152K
  class space    used 2522K, committed 2688K, reserved 1048576K
}
Event: 3.498 GC heap after
{Heap after GC invocations=8 (full 0):
 garbage-first heap   total 61440K, used 20526K [0x00000000c3600000, 0x0000000100000000)
  region size 1024K, 4 young (4096K), 4 survivors (4096K)
 Metaspace       used 26221K, committed 26624K, reserved 1073152K
  class space    used 2522K, committed 2688K, reserved 1048576K
}
Event: 3.609 GC heap before
{Heap before GC invocations=8 (full 0):
 garbage-first heap   total 61440K, used 39982K [0x00000000c3600000, 0x0000000100000000)
  region size 1024K, 24 young (24576K), 4 survivors (4096K)
 Metaspace       used 26255K, committed 26624K, reserved 1073152K
  class space    used 2522K, committed 2688K, reserved 1048576K
}
Event: 3.616 GC heap after
{Heap after GC invocations=9 (full 0):
 garbage-first heap   total 73728K, used 25499K [0x00000000c3600000, 0x0000000100000000)
  region size 1024K, 3 young (3072K), 3 survivors (3072K)
 Metaspace       used 26255K, committed 26624K, reserved 1073152K
  class space    used 2522K, committed 2688K, reserved 1048576K
}
Event: 4.668 GC heap before
{Heap before GC invocations=9 (full 0):
 garbage-first heap   total 73728K, used 51099K [0x00000000c3600000, 0x0000000100000000)
  region size 1024K, 27 young (27648K), 3 survivors (3072K)
 Metaspace       used 26388K, committed 26752K, reserved 1073152K
  class space    used 2522K, committed 2688K, reserved 1048576K
}
Event: 4.674 GC heap after
{Heap after GC invocations=10 (full 0):
 garbage-first heap   total 73728K, used 25603K [0x00000000c3600000, 0x0000000100000000)
  region size 1024K, 3 young (3072K), 3 survivors (3072K)
 Metaspace       used 26388K, committed 26752K, reserved 1073152K
  class space    used 2522K, committed 2688K, reserved 1048576K
}
Event: 5.220 GC heap before
{Heap before GC invocations=10 (full 0):
 garbage-first heap   total 73728K, used 50179K [0x00000000c3600000, 0x0000000100000000)
  region size 1024K, 28 young (28672K), 3 survivors (3072K)
 Metaspace       used 26418K, committed 26752K, reserved 1073152K
  class space    used 2523K, committed 2688K, reserved 1048576K
}
Event: 5.224 GC heap after
{Heap after GC invocations=11 (full 0):
 garbage-first heap   total 73728K, used 28650K [0x00000000c3600000, 0x0000000100000000)
  region size 1024K, 4 young (4096K), 4 survivors (4096K)
 Metaspace       used 26418K, committed 26752K, reserved 1073152K
  class space    used 2523K, committed 2688K, reserved 1048576K
}

Deoptimization events (20 events):
Event: 5.445 Thread 0x00000222e25f2500 DEOPT PACKING pc=0x00000222cca9946a sp=0x000000a4f0cf7860
Event: 5.445 Thread 0x00000222e25f2500 DEOPT UNPACKING pc=0x00000222cc0b6763 sp=0x000000a4f0cf6de0 mode 0
Event: 5.448 Thread 0x00000222e25f2500 DEOPT PACKING pc=0x00000222cccad2e9 sp=0x000000a4f0cf7da0
Event: 5.448 Thread 0x00000222e25f2500 DEOPT UNPACKING pc=0x00000222cc0b6763 sp=0x000000a4f0cf7278 mode 0
Event: 5.449 Thread 0x00000222e25f2500 Uncommon trap: trap_request=0xffffff45 fr.pc=0x00000222d3b760c4 relative=0x0000000000000044
Event: 5.449 Thread 0x00000222e25f2500 Uncommon trap: reason=unstable_if action=reinterpret pc=0x00000222d3b760c4 method=java.lang.String.valueOf(Ljava/lang/Object;)Ljava/lang/String; @ 1 c2
Event: 5.449 Thread 0x00000222e25f2500 DEOPT PACKING pc=0x00000222d3b760c4 sp=0x000000a4f0cf7f00
Event: 5.449 Thread 0x00000222e25f2500 DEOPT UNPACKING pc=0x00000222cc0b5c23 sp=0x000000a4f0cf7ea0 mode 2
Event: 5.470 Thread 0x00000222e25f2500 DEOPT PACKING pc=0x00000222cca9946a sp=0x000000a4f0cf7860
Event: 5.470 Thread 0x00000222e25f2500 DEOPT UNPACKING pc=0x00000222cc0b6763 sp=0x000000a4f0cf6de0 mode 0
Event: 5.490 Thread 0x00000222e25f2500 DEOPT PACKING pc=0x00000222cca9946a sp=0x000000a4f0cf7860
Event: 5.490 Thread 0x00000222e25f2500 DEOPT UNPACKING pc=0x00000222cc0b6763 sp=0x000000a4f0cf6de0 mode 0
Event: 5.497 Thread 0x00000222e25f2500 DEOPT PACKING pc=0x00000222cca9946a sp=0x000000a4f0cf7860
Event: 5.497 Thread 0x00000222e25f2500 DEOPT UNPACKING pc=0x00000222cc0b6763 sp=0x000000a4f0cf6de0 mode 0
Event: 5.502 Thread 0x00000222e25f2500 DEOPT PACKING pc=0x00000222cccad2e9 sp=0x000000a4f0cf7da0
Event: 5.502 Thread 0x00000222e25f2500 DEOPT UNPACKING pc=0x00000222cc0b6763 sp=0x000000a4f0cf7278 mode 0
Event: 5.520 Thread 0x00000222e25f2500 DEOPT PACKING pc=0x00000222cccad2e9 sp=0x000000a4f0cf7da0
Event: 5.520 Thread 0x00000222e25f2500 DEOPT UNPACKING pc=0x00000222cc0b6763 sp=0x000000a4f0cf7278 mode 0
Event: 5.522 Thread 0x00000222e25f2500 DEOPT PACKING pc=0x00000222cca9946a sp=0x000000a4f0cf7860
Event: 5.522 Thread 0x00000222e25f2500 DEOPT UNPACKING pc=0x00000222cc0b6763 sp=0x000000a4f0cf6de0 mode 0

Classes unloaded (0 events):
No events

Classes redefined (0 events):
No events

Internal exceptions (20 events):
Event: 0.961 Thread 0x00000222c5d0a890 Implicit null exception at 0x00000222d3b7e50f to 0x00000222d3b7e585
Event: 1.029 Thread 0x00000222c5d0a890 Exception <a 'java/lang/NoSuchMethodError'{0x00000000c60d6290}: 'int java.lang.invoke.DirectMethodHandle$Holder.invokeStaticInit(java.lang.Object, java.lang.Object, java.lang.Object, java.lang.Object)'> (0x00000000c60d6290) 
thrown [c:\jenkins\workspace\zulu17-build-win64\zulu-src.git\src\hotspot\share\interpreter\linkResolver.cpp, line 766]
Event: 1.030 Thread 0x00000222c5d0a890 Exception <a 'java/lang/NoSuchMethodError'{0x00000000c60e0a08}: 'java.lang.Object java.lang.invoke.DirectMethodHandle$Holder.invokeInterface(java.lang.Object, java.lang.Object)'> (0x00000000c60e0a08) 
thrown [c:\jenkins\workspace\zulu17-build-win64\zulu-src.git\src\hotspot\share\interpreter\linkResolver.cpp, line 766]
Event: 1.030 Thread 0x00000222c5d0a890 Exception <a 'java/lang/IncompatibleClassChangeError'{0x00000000c60e4200}: Found class java.lang.Object, but interface was expected> (0x00000000c60e4200) 
thrown [c:\jenkins\workspace\zulu17-build-win64\zulu-src.git\src\hotspot\share\interpreter\linkResolver.cpp, line 833]
Event: 1.031 Thread 0x00000222c5d0a890 Exception <a 'java/lang/NoSuchMethodError'{0x00000000c60e7120}: 'void java.lang.invoke.DirectMethodHandle$Holder.invokeStatic(java.lang.Object, java.lang.Object)'> (0x00000000c60e7120) 
thrown [c:\jenkins\workspace\zulu17-build-win64\zulu-src.git\src\hotspot\share\interpreter\linkResolver.cpp, line 766]
Event: 1.031 Thread 0x00000222c5d0a890 Exception <a 'java/lang/NoSuchMethodError'{0x00000000c60ea920}: 'void java.lang.invoke.DirectMethodHandle$Holder.invokeStaticInit(java.lang.Object, java.lang.Object)'> (0x00000000c60ea920) 
thrown [c:\jenkins\workspace\zulu17-build-win64\zulu-src.git\src\hotspot\share\interpreter\linkResolver.cpp, line 766]
Event: 1.033 Thread 0x00000222c5d0a890 Exception <a 'java/lang/NoSuchMethodError'{0x00000000c60f1860}: 'int java.lang.invoke.DirectMethodHandle$Holder.invokeStaticInit(java.lang.Object, java.lang.Object)'> (0x00000000c60f1860) 
thrown [c:\jenkins\workspace\zulu17-build-win64\zulu-src.git\src\hotspot\share\interpreter\linkResolver.cpp, line 766]
Event: 1.082 Thread 0x00000222c5d0a890 Exception <a 'java/lang/NoSuchMethodError'{0x00000000c5c45e70}: 'void java.lang.invoke.DirectMethodHandle$Holder.invokeSpecial(java.lang.Object, java.lang.Object, java.lang.Object)'> (0x00000000c5c45e70) 
thrown [c:\jenkins\workspace\zulu17-build-win64\zulu-src.git\src\hotspot\share\interpreter\linkResolver.cpp, line 766]
Event: 1.377 Thread 0x00000222c5d0a890 Exception <a 'java/lang/NoSuchMethodError'{0x00000000c7076728}: 'java.lang.Object java.lang.invoke.DirectMethodHandle$Holder.newInvokeSpecial(java.lang.Object, int, java.lang.Object)'> (0x00000000c7076728) 
thrown [c:\jenkins\workspace\zulu17-build-win64\zulu-src.git\src\hotspot\share\interpreter\linkResolver.cpp, line 766]
Event: 1.849 Thread 0x00000222c5d0a890 Exception <a 'sun/nio/fs/WindowsException'{0x00000000c6e46668}> (0x00000000c6e46668) 
thrown [c:\jenkins\workspace\zulu17-build-win64\zulu-src.git\src\hotspot\share\prims\jni.cpp, line 516]
Event: 1.939 Thread 0x00000222c5d0a890 Exception <a 'sun/nio/fs/WindowsException'{0x00000000c688a3f8}> (0x00000000c688a3f8) 
thrown [c:\jenkins\workspace\zulu17-build-win64\zulu-src.git\src\hotspot\share\prims\jni.cpp, line 516]
Event: 1.947 Thread 0x00000222c5d0a890 Exception <a 'sun/nio/fs/WindowsException'{0x00000000c68cf338}> (0x00000000c68cf338) 
thrown [c:\jenkins\workspace\zulu17-build-win64\zulu-src.git\src\hotspot\share\prims\jni.cpp, line 516]
Event: 2.095 Thread 0x00000222e265c360 Exception <a 'java/lang/NoSuchMethodError'{0x00000000c66c8e70}: 'java.lang.Object java.lang.invoke.Invokers$Holder.invokeExact_MT(java.lang.Object, java.lang.Object, java.lang.Object, java.lang.Object, java.lang.Object, java.lang.Object)'> (0x00000000c66c8e70) 
thrown [c:\jenkins\workspace\zulu17-build-win64\zulu-src.git\src\hotspot\share\interpreter\linkResolver.cpp, line 766]
Event: 2.097 Thread 0x00000222e265c360 Exception <a 'java/lang/NoSuchMethodError'{0x00000000c66d18c0}: 'int java.lang.invoke.DirectMethodHandle$Holder.invokeSpecial(java.lang.Object, java.lang.Object, java.lang.Object)'> (0x00000000c66d18c0) 
thrown [c:\jenkins\workspace\zulu17-build-win64\zulu-src.git\src\hotspot\share\interpreter\linkResolver.cpp, line 766]
Event: 2.496 Thread 0x00000222e25f2500 Exception <a 'java/io/IOException'{0x00000000c70c5b78}> (0x00000000c70c5b78) 
thrown [c:\jenkins\workspace\zulu17-build-win64\zulu-src.git\src\hotspot\share\prims\jni.cpp, line 516]
Event: 2.496 Thread 0x00000222e25f2500 Exception <a 'java/io/IOException'{0x00000000c70c61b8}> (0x00000000c70c61b8) 
thrown [c:\jenkins\workspace\zulu17-build-win64\zulu-src.git\src\hotspot\share\prims\jni.cpp, line 516]
Event: 2.496 Thread 0x00000222e25f2500 Exception <a 'java/io/IOException'{0x00000000c70c64c8}> (0x00000000c70c64c8) 
thrown [c:\jenkins\workspace\zulu17-build-win64\zulu-src.git\src\hotspot\share\prims\jni.cpp, line 516]
Event: 2.967 Thread 0x00000222e25f2500 Exception <a 'java/lang/NoSuchMethodError'{0x00000000c7055768}: 'java.lang.Object java.lang.invoke.DirectMethodHandle$Holder.invokeStaticInit(java.lang.Object)'> (0x00000000c7055768) 
thrown [c:\jenkins\workspace\zulu17-build-win64\zulu-src.git\src\hotspot\share\interpreter\linkResolver.cpp, line 766]
Event: 4.747 Thread 0x00000222e25f2500 Exception <a 'java/lang/NoSuchMethodError'{0x00000000c7c7c760}: 'int java.lang.invoke.DirectMethodHandle$Holder.invokeVirtual(java.lang.Object, java.lang.Object, java.lang.Object)'> (0x00000000c7c7c760) 
thrown [c:\jenkins\workspace\zulu17-build-win64\zulu-src.git\src\hotspot\share\interpreter\linkResolver.cpp, line 766]
Event: 5.355 Thread 0x00000222e25f2500 Exception <a 'java/io/FileNotFoundException'{0x00000000c7183f10}> (0x00000000c7183f10) 
thrown [c:\jenkins\workspace\zulu17-build-win64\zulu-src.git\src\hotspot\share\prims\jni.cpp, line 516]

VM Operations (20 events):
Event: 2.978 Executing VM operation: HandshakeAllThreads
Event: 2.978 Executing VM operation: HandshakeAllThreads done
Event: 3.114 Executing VM operation: HandshakeAllThreads
Event: 3.115 Executing VM operation: HandshakeAllThreads done
Event: 3.383 Executing VM operation: HandshakeAllThreads
Event: 3.383 Executing VM operation: HandshakeAllThreads done
Event: 3.483 Executing VM operation: HandshakeAllThreads
Event: 3.483 Executing VM operation: HandshakeAllThreads done
Event: 3.491 Executing VM operation: G1CollectForAllocation
Event: 3.498 Executing VM operation: G1CollectForAllocation done
Event: 3.609 Executing VM operation: G1CollectForAllocation
Event: 3.616 Executing VM operation: G1CollectForAllocation done
Event: 3.639 Executing VM operation: HandshakeAllThreads
Event: 3.674 Executing VM operation: HandshakeAllThreads done
Event: 4.667 Executing VM operation: G1CollectForAllocation
Event: 4.674 Executing VM operation: G1CollectForAllocation done
Event: 5.220 Executing VM operation: G1CollectForAllocation
Event: 5.224 Executing VM operation: G1CollectForAllocation done
Event: 5.303 Executing VM operation: HandshakeAllThreads
Event: 5.303 Executing VM operation: HandshakeAllThreads done

Events (20 events):
Event: 3.115 loading class java/util/AbstractMap$SimpleEntry
Event: 3.115 loading class java/util/AbstractMap$SimpleEntry done
Event: 3.388 loading class java/beans/PropertyChangeListener
Event: 3.388 loading class java/beans/PropertyChangeListener done
Event: 3.431 loading class java/lang/instrument/IllegalClassFormatException
Event: 3.431 loading class java/lang/instrument/IllegalClassFormatException done
Event: 3.479 loading class java/util/zip/ZipFile$ZipEntryIterator
Event: 3.479 loading class java/util/zip/ZipFile$ZipEntryIterator done
Event: 5.305 loading class java/net/Proxy
Event: 5.305 loading class java/net/Proxy done
Event: 5.329 loading class sun/invoke/util/VerifyAccess$1
Event: 5.330 loading class sun/invoke/util/VerifyAccess$1 done
Event: 5.338 loading class java/net/UnknownServiceException
Event: 5.339 loading class java/net/UnknownServiceException done
Event: 5.423 loading class jdk/internal/reflect/UnsafeStaticObjectFieldAccessorImpl
Event: 5.423 loading class jdk/internal/reflect/UnsafeStaticObjectFieldAccessorImpl done
Event: 5.424 loading class java/lang/IllegalCallerException
Event: 5.424 loading class java/lang/IllegalCallerException done
Event: 5.425 loading class java/lang/StackWalker$Option
Event: 5.425 loading class java/lang/StackWalker$Option done


Dynamic libraries:
0x00007ff728840000 - 0x00007ff7288c4000 	C:\Program Files\Fakturama2\Fakturama.exe
0x00007ffadfb50000 - 0x00007ffadfd67000 	C:\WINDOWS\SYSTEM32\ntdll.dll
0x00007ffadf060000 - 0x00007ffadf124000 	C:\WINDOWS\System32\KERNEL32.DLL
0x00007ffadd0b0000 - 0x00007ffadd483000 	C:\WINDOWS\System32\KERNELBASE.dll
0x00007ffaded90000 - 0x00007ffadef41000 	C:\WINDOWS\System32\USER32.dll
0x00007ffadd510000 - 0x00007ffadd536000 	C:\WINDOWS\System32\win32u.dll
0x00007ffade070000 - 0x00007ffade099000 	C:\WINDOWS\System32\GDI32.dll
0x00007ffadd540000 - 0x00007ffadd65b000 	C:\WINDOWS\System32\gdi32full.dll
0x00007ffadd750000 - 0x00007ffadd7ea000 	C:\WINDOWS\System32\msvcp_win.dll
0x00007ffadcc60000 - 0x00007ffadcd71000 	C:\WINDOWS\System32\ucrtbase.dll
0x00007ffac5050000 - 0x00007ffac52e8000 	C:\WINDOWS\WinSxS\amd64_microsoft.windows.common-controls_6595b64144ccf1df_6.0.22621.5124_none_270e8f4f7386d69d\COMCTL32.dll
0x00007ffadda20000 - 0x00007ffaddac7000 	C:\WINDOWS\System32\msvcrt.dll
0x00007ffadea90000 - 0x00007ffadeac1000 	C:\WINDOWS\System32\IMM32.DLL
0x00007ffa663e0000 - 0x00007ffa6641e000 	C:\Program Files\Fakturama2\plugins\org.eclipse.equinox.launcher.win32.win32.x86_64_1.2.400.v20211117-0650\eclipse_11602.dll
0x00007ffadeb30000 - 0x00007ffadebe1000 	C:\WINDOWS\System32\ADVAPI32.dll
0x00007ffadec00000 - 0x00007ffadeca8000 	C:\WINDOWS\System32\sechost.dll
0x00007ffadd660000 - 0x00007ffadd688000 	C:\WINDOWS\System32\bcrypt.dll
0x00007ffadd8e0000 - 0x00007ffadd9f4000 	C:\WINDOWS\System32\RPCRT4.dll
0x00007ffaddb00000 - 0x00007ffaddca1000 	C:\WINDOWS\System32\ole32.dll
0x00007ffaddcd0000 - 0x00007ffade062000 	C:\WINDOWS\System32\combase.dll
0x00007ffad4b60000 - 0x00007ffad4b6a000 	C:\WINDOWS\SYSTEM32\VERSION.dll
0x00007ffa641a0000 - 0x00007ffa64de8000 	C:\Program Files\Fakturama2\jre\bin\server\jvm.dll
0x00007ffaddcb0000 - 0x00007ffaddcb8000 	C:\WINDOWS\System32\PSAPI.DLL
0x00007ffac0e30000 - 0x00007ffac0e39000 	C:\WINDOWS\SYSTEM32\WSOCK32.dll
0x00007ffadd860000 - 0x00007ffadd8d1000 	C:\WINDOWS\System32\WS2_32.dll
0x00007ffad6110000 - 0x00007ffad6144000 	C:\WINDOWS\SYSTEM32\WINMM.dll
0x00007ffabf840000 - 0x00007ffabf85e000 	C:\WINDOWS\SYSTEM32\VCRUNTIME140.dll
0x00007ffabf830000 - 0x00007ffabf83c000 	C:\WINDOWS\SYSTEM32\VCRUNTIME140_1.dll
0x00007ffab2af0000 - 0x00007ffab2afa000 	C:\Program Files\Fakturama2\jre\bin\jimage.dll
0x00007ffada420000 - 0x00007ffada652000 	C:\WINDOWS\SYSTEM32\DBGHELP.DLL
0x00007ffadecb0000 - 0x00007ffaded87000 	C:\WINDOWS\System32\OLEAUT32.dll
0x00007ffac2030000 - 0x00007ffac2062000 	C:\WINDOWS\SYSTEM32\dbgcore.DLL
0x00007ffadd030000 - 0x00007ffadd0ab000 	C:\WINDOWS\System32\bcryptPrimitives.dll
0x00007ffa85c30000 - 0x00007ffa85c55000 	C:\Program Files\Fakturama2\jre\bin\java.dll
0x00007ffadbc90000 - 0x00007ffadbca8000 	C:\WINDOWS\SYSTEM32\kernel.appcore.dll
0x00007ffade1a0000 - 0x00007ffadea36000 	C:\WINDOWS\System32\SHELL32.dll
0x00007ffadcef0000 - 0x00007ffadd02f000 	C:\WINDOWS\System32\wintypes.dll
0x00007ffadab80000 - 0x00007ffadb49a000 	C:\WINDOWS\SYSTEM32\windows.storage.dll
0x00007ffadef50000 - 0x00007ffadf05a000 	C:\WINDOWS\System32\SHCORE.dll
0x00007ffade130000 - 0x00007ffade193000 	C:\WINDOWS\System32\shlwapi.dll
0x00007ffadcb90000 - 0x00007ffadcbbb000 	C:\WINDOWS\SYSTEM32\profapi.dll
0x00007ffac02a0000 - 0x00007ffac02b9000 	C:\Program Files\Fakturama2\jre\bin\net.dll
0x00007ffad9190000 - 0x00007ffad92bc000 	C:\WINDOWS\SYSTEM32\WINHTTP.dll
0x00007ffadc110000 - 0x00007ffadc17a000 	C:\WINDOWS\system32\mswsock.dll
0x00007ffab58a0000 - 0x00007ffab58b5000 	C:\Program Files\Fakturama2\jre\bin\nio.dll
0x00007ffab4ce0000 - 0x00007ffab4cf8000 	C:\Program Files\Fakturama2\jre\bin\zip.dll
0x00007ffadc360000 - 0x00007ffadc37b000 	C:\WINDOWS\SYSTEM32\CRYPTSP.dll
0x00007ffadbbf0000 - 0x00007ffadbc27000 	C:\WINDOWS\system32\rsaenh.dll
0x00007ffadc200000 - 0x00007ffadc228000 	C:\WINDOWS\SYSTEM32\USERENV.dll
0x00007ffadc380000 - 0x00007ffadc38c000 	C:\WINDOWS\SYSTEM32\CRYPTBASE.dll
0x00007ffadb700000 - 0x00007ffadb72d000 	C:\WINDOWS\SYSTEM32\IPHLPAPI.DLL
0x00007ffaddcc0000 - 0x00007ffaddcc9000 	C:\WINDOWS\System32\NSI.dll
0x00007ffad9170000 - 0x00007ffad9189000 	C:\WINDOWS\SYSTEM32\dhcpcsvc6.DLL
0x00007ffad9150000 - 0x00007ffad916f000 	C:\WINDOWS\SYSTEM32\dhcpcsvc.DLL
0x00007ffadb770000 - 0x00007ffadb872000 	C:\WINDOWS\SYSTEM32\DNSAPI.dll
0x00007ffad66a0000 - 0x00007ffad66b0000 	C:\Program Files\Fakturama2\jre\bin\verify.dll

dbghelp: loaded successfully - version: 4.0.5 - missing functions: none
symbol engine: initialized successfully - sym options: 0x614 - pdb path: .;C:\Program Files\Fakturama2;C:\WINDOWS\SYSTEM32;C:\WINDOWS\WinSxS\amd64_microsoft.windows.common-controls_6595b64144ccf1df_6.0.22621.5124_none_270e8f4f7386d69d;C:\Program Files\Fakturama2\plugins\org.eclipse.equinox.launcher.win32.win32.x86_64_1.2.400.v20211117-0650;C:\Program Files\Fakturama2\jre\bin\server;C:\Program Files\Fakturama2\jre\bin

VM Arguments:
jvm_args: -DREFRESH_BUNDLES=false -Dorg.eclipse.e4.ui.css.dynamic=true --add-modules=ALL-SYSTEM -DLiquibaseHubMode=off 
java_command: <unknown>
java_class_path (initial): C:\Program Files\Fakturama2\\plugins/org.eclipse.equinox.launcher_1.6.400.v20210924-0641.jar
Launcher Type: generic

[Global flags]
     intx CICompilerCount                          = 3                                         {product} {ergonomic}
     uint ConcGCThreads                            = 1                                         {product} {ergonomic}
     uint G1ConcRefinementThreads                  = 4                                         {product} {ergonomic}
   size_t G1HeapRegionSize                         = 1048576                                   {product} {ergonomic}
    uintx GCDrainStackTargetSize                   = 64                                        {product} {ergonomic}
   size_t InitialHeapSize                          = 65011712                                  {product} {ergonomic}
   size_t MarkStackSize                            = 4194304                                   {product} {ergonomic}
   size_t MaxHeapSize                              = 1017118720                                {product} {ergonomic}
   size_t MaxNewSize                               = 610271232                                 {product} {ergonomic}
   size_t MinHeapDeltaBytes                        = 1048576                                   {product} {ergonomic}
   size_t MinHeapSize                              = 8388608                                   {product} {ergonomic}
    uintx NonNMethodCodeHeapSize                   = 5832780                                {pd product} {ergonomic}
    uintx NonProfiledCodeHeapSize                  = 122912730                              {pd product} {ergonomic}
    uintx ProfiledCodeHeapSize                     = 122912730                              {pd product} {ergonomic}
    uintx ReservedCodeCacheSize                    = 251658240                              {pd product} {ergonomic}
     bool SegmentedCodeCache                       = true                                      {product} {ergonomic}
   size_t SoftMaxHeapSize                          = 1017118720                             {manageable} {ergonomic}
     bool UseCompressedClassPointers               = true                           {product lp64_product} {ergonomic}
     bool UseCompressedOops                        = true                           {product lp64_product} {ergonomic}
     bool UseG1GC                                  = true                                      {product} {ergonomic}
     bool UseLargePagesIndividualAllocation        = false                                  {pd product} {ergonomic}

Logging:
Log output configuration:
 #0: stdout all=warning uptime,level,tags
 #1: stderr all=off uptime,level,tags

Environment Variables:
PATH=C:\Users\vctor\anaconda3\Lib\site-packages\cv2\../../x64/vc14/bin;C:\Program Files\Common Files\Oracle\Java\javapath;C:\WINDOWS\system32;C:\WINDOWS;C:\WINDOWS\System32\Wbem;C:\WINDOWS\System32\WindowsPowerShell\v1.0\;C:\WINDOWS\System32\OpenSSH\;C:\Program Files\Git\cmd;C:\Program Files\nodejs\;C:\Users\vctor\anaconda3;C:\Users\vctor\anaconda3\Library\mingw-w64\bin;C:\Users\vctor\anaconda3\Library\usr\bin;C:\Users\vctor\anaconda3\Library\bin;C:\Users\vctor\anaconda3\Scripts;C:\Users\vctor\AppData\Local\Programs\Python\Python313\python.exe;C:\Users\vctor\AppData\Local\Microsoft\WindowsApps;C:\Users\vctor\AppData\Local\Programs\Microsoft VS Code\bin;C:\Users\vctor\AppData\Local\Programs\Python\Python313\python.exe;C:\Users\vctor\AppData\Local\Microsoft\WindowsApps\python.exe;C:\Users\vctor\AppData\Local\GitHubDesktop\bin;C:\Users\vctor\AppData\Local\Microsoft\WindowsApps\python.exe;C:\Program Files\MySQL\MySQL Server 8.0\bin;C:\Users\vctor\AppData\Roaming\npm;C:\Users\vctor\.lmstudio\bin;c:\Users\vctor\.vscode\extensions\ms-python.debugpy-2025.6.0-win32-x64\bundled\scripts\noConfigScripts
USERNAME=vctor
LANG=en_US.UTF-8
OS=Windows_NT
PROCESSOR_IDENTIFIER=Intel64 Family 6 Model 140 Stepping 1, GenuineIntel



---------------  S Y S T E M  ---------------

OS:
 Windows 10 , 64 bit Build 22621 (10.0.22621.5124)
OS uptime: 3 days 21:47 hours

CPU: total 4 (initial active 4) (2 cores per cpu, 2 threads per core) family 6 model 140 stepping 1 microcode 0xa6, cx8, cmov, fxsr, ht, mmx, 3dnowpref, sse, sse2, sse3, ssse3, sse4.1, sse4.2, popcnt, lzcnt, tsc, tscinvbit, avx, avx2, aes, erms, clmul, bmi1, bmi2, adx, avx512f, avx512dq, avx512cd, avx512bw, avx512vl, sha, fma, vzeroupper, avx512_vpopcntdq, avx512_vpclmulqdq, avx512_vaes, avx512_vnni, clflush, clflushopt, clwb, avx512_vbmi2, avx512_vbmi

Memory: 4k page, system-wide physical 3879M (157M free)
TotalPageFile size 15655M (AvailPageFile size 5M)
current process WorkingSet (physical memory assigned to process): 181M, peak: 181M
current process commit charge ("private bytes"): 215M, peak: 215M

vm_info: OpenJDK 64-Bit Server VM (17.0.1+12-LTS) for windows-amd64 JRE (17.0.1+12-LTS) (Zulu17.30+15-CA), built on Oct 20 2021 15:39:19 by "zulu_re" with MS VC++ 16.8 (VS2019)

END.
